<?xml version="1.0" encoding="UTF-8"?>
<testsuite xmlns:xsi="http://www.w3.org/2001/XMLSchema-instance" xsi:noNamespaceSchemaLocation="https://maven.apache.org/surefire/maven-surefire-plugin/xsd/surefire-test-report.xsd" name="com.codetron.application.AppTest" time="0.111" tests="1" errors="0" skipped="0" failures="0">
  <properties>
    <property name="sun.desktop" value="gnome"/>
    <property name="awt.toolkit" value="sun.awt.X11.XToolkit"/>
    <property name="java.specification.version" value="11"/>
    <property name="sun.cpu.isalist" value=""/>
    <property name="sun.jnu.encoding" value="UTF-8"/>
    <property name="java.class.path" value="/media/ada/8cad89d7-0ab7-463c-a9df-a755a219f71c/pelatihan/Udemy/cave-programming/advanced-java/02-maven/HelloWorldMaven/target/test-classes:/media/ada/8cad89d7-0ab7-463c-a9df-a755a219f71c/pelatihan/Udemy/cave-programming/advanced-java/02-maven/HelloWorldMaven/target/classes:/home/ada/.m2/repository/junit/junit/4.13/junit-4.13.jar:/home/ada/.m2/repository/org/hamcrest/hamcrest-core/1.3/hamcrest-core-1.3.jar:"/>
    <property name="java.vm.vendor" value="Ubuntu"/>
    <property name="sun.arch.data.model" value="64"/>
    <property name="java.vendor.url" value="https://ubuntu.com/"/>
    <property name="user.timezone" value=""/>
    <property name="java.vm.specification.version" value="11"/>
    <property name="os.name" value="Linux"/>
    <property name="sun.java.launcher" value="SUN_STANDARD"/>
    <property name="user.country" value="US"/>
    <property name="sun.boot.library.path" value="/usr/lib/jvm/java-11-openjdk-amd64/lib"/>
    <property name="sun.java.command" value="/media/ada/8cad89d7-0ab7-463c-a9df-a755a219f71c/pelatihan/Udemy/cave-programming/advanced-java/02-maven/HelloWorldMaven/target/surefire/surefirebooter17612074461729490417.jar /media/ada/8cad89d7-0ab7-463c-a9df-a755a219f71c/pelatihan/Udemy/cave-programming/advanced-java/02-maven/HelloWorldMaven/target/surefire 2021-04-11T10-38-42_168-jvmRun1 surefire14288306589696669292tmp surefire_05630672860215082336tmp"/>
    <property name="jdk.debug" value="release"/>
    <property name="surefire.test.class.path" value="/media/ada/8cad89d7-0ab7-463c-a9df-a755a219f71c/pelatihan/Udemy/cave-programming/advanced-java/02-maven/HelloWorldMaven/target/test-classes:/media/ada/8cad89d7-0ab7-463c-a9df-a755a219f71c/pelatihan/Udemy/cave-programming/advanced-java/02-maven/HelloWorldMaven/target/classes:/home/ada/.m2/repository/junit/junit/4.13/junit-4.13.jar:/home/ada/.m2/repository/org/hamcrest/hamcrest-core/1.3/hamcrest-core-1.3.jar:"/>
    <property name="sun.cpu.endian" value="little"/>
    <property name="user.home" value="/home/ada"/>
    <property name="user.language" value="en"/>
    <property name="java.specification.vendor" value="Oracle Corporation"/>
    <property name="java.version.date" value="2021-01-19"/>
    <property name="java.home" value="/usr/lib/jvm/java-11-openjdk-amd64"/>
    <property name="file.separator" value="/"/>
    <property name="basedir" value="/media/ada/8cad89d7-0ab7-463c-a9df-a755a219f71c/pelatihan/Udemy/cave-programming/advanced-java/02-maven/HelloWorldMaven"/>
    <property name="java.vm.compressedOopsMode" value="32-bit"/>
    <property name="line.separator" value="&#10;"/>
    <property name="java.specification.name" value="Java Platform API Specification"/>
    <property name="java.vm.specification.vendor" value="Oracle Corporation"/>
    <property name="java.awt.graphicsenv" value="sun.awt.X11GraphicsEnvironment"/>
    <property name="surefire.real.class.path" value="/media/ada/8cad89d7-0ab7-463c-a9df-a755a219f71c/pelatihan/Udemy/cave-programming/advanced-java/02-maven/HelloWorldMaven/target/surefire/surefirebooter17612074461729490417.jar"/>
    <property name="sun.management.compiler" value="HotSpot 64-Bit Tiered Compilers"/>
    <property name="java.runtime.version" value="11.0.10+9-Ubuntu-0ubuntu1.20.04"/>
    <property name="user.name" value="ada"/>
    <property name="path.separator" value=":"/>
    <property name="os.version" value="5.8.0-48-generic"/>
    <property name="java.runtime.name" value="OpenJDK Runtime Environment"/>
    <property name="file.encoding" value="UTF-8"/>
    <property name="java.vm.name" value="OpenJDK 64-Bit Server VM"/>
    <property name="localRepository" value="/home/ada/.m2/repository"/>
    <property name="java.vendor.url.bug" value="https://bugs.launchpad.net/ubuntu/+source/openjdk-lts"/>
    <property name="java.io.tmpdir" value="/tmp"/>
    <property name="java.version" value="11.0.10"/>
    <property name="user.dir" value="/media/ada/8cad89d7-0ab7-463c-a9df-a755a219f71c/pelatihan/Udemy/cave-programming/advanced-java/02-maven/HelloWorldMaven"/>
    <property name="os.arch" value="amd64"/>
    <property name="java.vm.specification.name" value="Java Virtual Machine Specification"/>
    <property name="java.awt.printerjob" value="sun.print.PSPrinterJob"/>
    <property name="sun.os.patch.level" value="unknown"/>
    <property name="java.library.path" value="/usr/java/packages/lib:/usr/lib/x86_64-linux-gnu/jni:/lib/x86_64-linux-gnu:/usr/lib/x86_64-linux-gnu:/usr/lib/jni:/lib:/usr/lib"/>
    <property name="java.vm.info" value="mixed mode, sharing"/>
    <property name="java.vendor" value="Ubuntu"/>
    <property name="java.vm.version" value="11.0.10+9-Ubuntu-0ubuntu1.20.04"/>
    <property name="sun.io.unicode.encoding" value="UnicodeLittle"/>
    <property name="java.class.version" value="55.0"/>
  </properties>
  <testcase name="shouldAnswerWithTrue" classname="com.codetron.application.AppTest" time="0.006"/>
</testsuite>